AX=4C00  BX=F7CF  CX=5111  DX=B81C  SP=FFFA  BP=0000  SI=0000  DI=0000
DS=13B2  ES=13A2  SS=13B2  CS=FE2E  IP=2580   NV UP DI PL NZ NA PO CY
FE2E:2580 80FC71        CMP     AH,71


AX=4C00  BX=F7CF  CX=5111  DX=B81C  SP=FFFA  BP=0000  SI=0000  DI=0000
DS=13B2  ES=13A2  SS=13B2  CS=FE2E  IP=2583   NV UP DI NG NZ NA PE CY
FE2E:2583 77CC          JA      2551
-t

AX=4C00  BX=F7CF  CX=5111  DX=B81C  SP=FFFA  BP=0000  SI=0000  DI=0000
DS=13B2  ES=13A2  SS=13B2  CS=FE2E  IP=2585   NV UP DI NG NZ NA PE CY
FE2E:2585 EB29          JMP     25B0
-t

AX=4C00  BX=F7CF  CX=5111  DX=B81C  SP=FFFA  BP=0000  SI=0000  DI=0000
DS=13B2  ES=13A2  SS=13B2  CS=FE2E  IP=25B0   NV UP DI NG NZ NA PE CY
FE2E:25B0 1E            PUSH    DS
-t

AX=4C00  BX=F7CF  CX=5111  DX=B81C  SP=FFF8  BP=0000  SI=0000  DI=0000
DS=13B2  ES=13A2  SS=13B2  CS=FE2E  IP=25B1   NV UP DI NG NZ NA PE CY
FE2E:25B1 2E            CS:
FE2E:25B2 8E1E5722      MOV     DS,[2257]                          CS:2257=00A7
